 format  1  0

CHEMISTRY      
N_monomer           
              2
names               
            'A'            'B'
kuhn                
  1.0000000E+00  1.0000000E+00
chi_flag            
            'B'
chi                 
  2.0000000E+01
N_chain             
              1
N_block             
              2
block_monomer  
              1              2
block_length   
  3.7000000E-01  6.3000000E-01
N_solvent           
              0
ensemble            
              0
phi_chain           
  1.0000000E+00

UNIT_CELL      
dim                 
              2
crystal_system      
    'hexagonal'
N_cell_param        
              1
cell_param          
  1.8248529E+00

DISCRETIZATION 
N_grids             
             24             24
chain_step          
  1.0000000E-02

FILE_PREFIXES  
input_prefix        
          'in.'
output_prefix       
             ''

BASIS          
group_name          
      'P 6 m m'

READ_OMEGA     
reorder_omega       
              F

ITERATE        
max_itr             
             12
N_cut               
             61
error_max           
  1.0000000E-08
domain              
              T

SWEEP          
s_max               
  2.8000000E+01
d_block_length 
 -1.0000000E-02  1.0000000E-02
end_increments 

FINISH         

THERMO         
f_Helmholtz         
  2.9586784E+00
f_homo              
  3.6620000E+00
pressure            
  3.0648908E+00
mu_chain            
  6.0235692E+00
stress              
  6.7105670E-11

DECOMPOSE      
overlap_AB          
  1.0324454E-01
f_enthalpy          
  2.0648908E+00
f_head              
  9.0985618E-01
f_tail              
  7.7745386E-01
f_junction          
  2.0647753E-01

STATISTICS     
N_star              
             61
Final Error         
  6.7105670E-09
Iterations          
              8
Basis Time          
  4.7319293E-01
SCF Time            
  7.2332406E-01
