
CHEMISTRY      
N_monomer           
              2
names               
            'A'            'B'
kuhn                
  1.0000000E+00  1.0000000E+00
chi_flag            
            'B'
chi                 
  9.8000000E+01
N_spec              
              1
N_block             
              2
block_monomer  
              1              2
block_length   
  3.4000000E-01  6.6000000E-01
ensemble            
              0
phi                 
  1.0000000E+00

UNIT_CELL      
dim                 
              2
crystal_system      
    'hexagonal'
N_cell_param        
              1
cell_param          
  2.4356082E+00

SPECTRAL_BASIS 
group_name          
      'P 6 m m'
Gabs_max            
  4.3279616E+01
output_prefix       
             ''

READ_OMEGA     
input_prefix        
          'in.'
reorder_omega       
              F

ITERATE        
max_itr             
             20
error_max           
  1.0000000E-08
domain              
              T

SWEEP          
s_max               
  8.0000000E+01
d_chi               
  1.0000000E+00
end_increments 

FINISH         

mu                  
  9.6802987E+00

************************************

N_star      =                    76
f_Helmholtz =         6.2629736E+00
f_homo      =         2.0991200E+01
pressure    =         3.4173251E+00
cell_param  =         2.4356082E+00
stress      =         2.9121730E-09
Final Error =         3.8507056E-09
Iterations  =                     7
Basis time  =         3.1422305E-01
SCF time    =         2.7035499E-01
